<?xml version="1.0" encoding="UTF-8"?>
<!-- Generated by org.testng.reporters.JUnitXMLReporter -->
<testsuite hostname="SHREEYA-MALHAR" ignored="0" name="Default test" tests="1" failures="0" timestamp="26 Aug 2017 13:02:13 GMT" time="0.078" errors="0">
  <testcase name="@BeforeClass abc" time="0.0" classname="com.nikhil.MavenOne.Tracko">
    <failure type="org.testng.TestNGException" message="
Parameter &amp;apos;browsertest&amp;apos; is required by BeforeClass on method abc but has not been marked @Optional or defined
in C:\Users\MALHAR-SHREEYA\AppData\Local\Temp\testng-eclipse--1377960561\testng-customsuite.xml">
      <![CDATA[org.testng.TestNGException: 
Parameter 'browsertest' is required by BeforeClass on method abc but has not been marked @Optional or defined
in C:\Users\MALHAR-SHREEYA\AppData\Local\Temp\testng-eclipse--1377960561\testng-customsuite.xml
	at org.testng.internal.Parameters.createParameters(Parameters.java:199)
	at org.testng.internal.Parameters.createParameters(Parameters.java:443)
	at org.testng.internal.Parameters.createConfigurationParameters(Parameters.java:118)
	at org.testng.internal.Invoker.invokeConfigurations(Invoker.java:206)
	at org.testng.internal.Invoker.invokeConfigurations(Invoker.java:146)
	at org.testng.internal.TestMethodWorker.invokeBeforeClassMethods(TestMethodWorker.java:166)
	at org.testng.internal.TestMethodWorker.run(TestMethodWorker.java:105)
	at org.testng.TestRunner.privateRun(TestRunner.java:744)
	at org.testng.TestRunner.run(TestRunner.java:602)
	at org.testng.SuiteRunner.runTest(SuiteRunner.java:380)
	at org.testng.SuiteRunner.runSequentially(SuiteRunner.java:375)
	at org.testng.SuiteRunner.privateRun(SuiteRunner.java:340)
	at org.testng.SuiteRunner.run(SuiteRunner.java:289)
	at org.testng.SuiteRunnerWorker.runSuite(SuiteRunnerWorker.java:52)
	at org.testng.SuiteRunnerWorker.run(SuiteRunnerWorker.java:86)
	at org.testng.TestNG.runSuitesSequentially(TestNG.java:1301)
	at org.testng.TestNG.runSuitesLocally(TestNG.java:1226)
	at org.testng.TestNG.runSuites(TestNG.java:1144)
	at org.testng.TestNG.run(TestNG.java:1115)
	at org.testng.remote.AbstractRemoteTestNG.run(AbstractRemoteTestNG.java:132)
	at org.testng.remote.RemoteTestNG.initAndRun(RemoteTestNG.java:230)
	at org.testng.remote.RemoteTestNG.main(RemoteTestNG.java:76)
]]>
    </failure>
  </testcase> <!-- @BeforeClass abc -->
  <testcase name="@AfterClass afterClass" time="0.0" classname="com.nikhil.MavenOne.Tracko">
    <skipped/>
  </testcase> <!-- @AfterClass afterClass -->
  <testcase name="f" time="0.0" classname="com.nikhil.MavenOne.Tracko">
    <skipped/>
  </testcase> <!-- f -->
</testsuite> <!-- Default test -->
